<?xml version="1.0" ?>
<!DOCTYPE coverage SYSTEM "http://cobertura.sourceforge.net/xml/coverage-04.dtd">
<coverage lines-valid="8"  lines-covered="7"  line-rate="0.875"  branches-valid="0"  branches-covered="0"  branch-rate="1"  timestamp="1688702234840" complexity="0" version="0.1">
<sources>
	<source>/home/saivishesh/Desktop/codecoverage</source>
</sources>
<packages>
	<package name="src"  line-rate="0.875"  branch-rate="1" >
	<classes>
		<class name="calculator.js"  filename="src/calculator.js"  line-rate="0.8"  branch-rate="1" >
		<methods>
			<method name="add"  hits="1"  signature="()V" >
				<lines><line number="1"  hits="1" /></lines>
			</method>
			<method name="sub"  hits="0"  signature="()V" >
				<lines><line number="4"  hits="0" /></lines>
			</method>
		</methods>
		<lines>
			<line number="1"  hits="1"  branch="false" />
			<line number="2"  hits="1"  branch="false" />
			<line number="4"  hits="1"  branch="false" />
			<line number="6"  hits="0"  branch="false" />
			<line number="9"  hits="1"  branch="false" />
		</lines>
		</class>
		<class name="test.js"  filename="src/test.js"  line-rate="1"  branch-rate="1" >
		<methods>
			<method name="addbyone"  hits="1"  signature="()V" >
				<lines><line number="1"  hits="1" /></lines>
			</method>
		</methods>
		<lines>
			<line number="1"  hits="1"  branch="false" />
			<line number="3"  hits="1"  branch="false" />
			<line number="5"  hits="1"  branch="false" />
		</lines>
		</class>
	</classes>
	</package>
</packages>
</coverage>
