{"/home/saivishesh/Desktop/codecoverage/src/calculator.js":{"path":"/home/saivishesh/Desktop/codecoverage/src/calculator.js","s":{"1":1,"2":1,"3":1,"4":1,"5":1,"6":0,"7":1},"b":{},"f":{"1":1,"2":1,"3":0},"fnMap":{"1":{"name":"add","line":1,"loc":{"start":{"line":1,"column":0},"end":{"line":1,"column":19}}},"2":{"name":"sub","line":4,"loc":{"start":{"line":4,"column":0},"end":{"line":5,"column":0}}},"3":{"name":"mul","line":8,"loc":{"start":{"line":8,"column":0},"end":{"line":9,"column":0}}}},"statementMap":{"1":{"start":{"line":1,"column":0},"end":{"line":3,"column":1}},"2":{"start":{"line":2,"column":2},"end":{"line":2,"column":15}},"3":{"start":{"line":4,"column":0},"end":{"line":7,"column":1}},"4":{"start":{"line":6,"column":4},"end":{"line":6,"column":15}},"5":{"start":{"line":8,"column":0},"end":{"line":11,"column":1}},"6":{"start":{"line":10,"column":5},"end":{"line":10,"column":16}},"7":{"start":{"line":12,"column":0},"end":{"line":12,"column":32}}},"branchMap":{}}}